TN:
SF:/Users/dgonzalez/webpages/xenial-heroes/src/app/app.component.ts
FN:8,(anonymous_1)
FN:3,AppComponent
FNF:2
FNH:1
FNDA:1,(anonymous_1)
FNDA:0,AppComponent
DA:1,1
DA:8,1
DA:9,0
DA:10,1
LF:4
LH:3
BRF:0
BRH:0
end_of_record
TN:
SF:/Users/dgonzalez/webpages/xenial-heroes/src/app/heroes/heroes.component.ts
FN:16,(anonymous_2)
FN:22,HeroesComponent
FN:24,(anonymous_4)
FN:31,(anonymous_5)
FN:34,(anonymous_6)
FN:36,(anonymous_7)
FN:42,(anonymous_8)
FN:45,(anonymous_9)
FNF:8
FNH:1
FNDA:1,(anonymous_2)
FNDA:0,HeroesComponent
FNDA:0,(anonymous_4)
FNDA:0,(anonymous_5)
FNDA:0,(anonymous_6)
FNDA:0,(anonymous_7)
FNDA:0,(anonymous_8)
FNDA:0,(anonymous_9)
DA:1,1
DA:2,1
DA:5,1
DA:7,1
DA:16,1
DA:22,0
DA:23,0
DA:24,0
DA:25,0
DA:26,0
DA:28,0
DA:31,1
DA:34,1
DA:35,0
DA:37,0
DA:38,0
DA:42,1
DA:43,0
DA:44,0
DA:45,0
DA:46,0
DA:53,0
DA:54,0
DA:58,1
LF:24
LH:9
BRDA:43,0,0,0
BRDA:43,0,1,0
BRDA:43,1,0,0
BRDA:43,1,1,0
BRDA:43,1,2,0
BRF:5
BRH:0
end_of_record
TN:
SF:/Users/dgonzalez/webpages/xenial-heroes/src/app/shared/actions/hero.actions.ts
FN:11,(anonymous_0)
FN:13,AddHero
FN:16,(anonymous_2)
FN:18,RemoveHero
FN:21,(anonymous_4)
FN:23,UpdateHeroe
FN:26,(anonymous_6)
FN:31,(anonymous_8)
FN:33,GetHeroesSuccess
FNF:9
FNH:5
FNDA:1,(anonymous_0)
FNDA:0,AddHero
FNDA:1,(anonymous_2)
FNDA:0,RemoveHero
FNDA:1,(anonymous_4)
FNDA:0,UpdateHeroe
FNDA:1,(anonymous_6)
FNDA:1,(anonymous_8)
FNDA:0,GetHeroesSuccess
DA:5,1
DA:6,1
DA:7,1
DA:8,1
DA:9,1
DA:11,1
DA:12,0
DA:13,0
DA:14,1
DA:16,1
DA:17,0
DA:18,0
DA:19,1
DA:21,1
DA:22,0
DA:23,0
DA:24,1
DA:26,1
DA:27,0
DA:28,0
DA:29,1
DA:31,1
DA:32,0
DA:33,0
DA:34,1
LF:25
LH:15
BRF:0
BRH:0
end_of_record
TN:
SF:/Users/dgonzalez/webpages/xenial-heroes/src/app/shared/services/hero.service.ts
FN:13,(anonymous_2)
FN:16,HeroService
FN:18,(anonymous_4)
FN:21,(anonymous_5)
FN:25,(anonymous_6)
FNF:5
FNH:1
FNDA:1,(anonymous_2)
FNDA:0,HeroService
FNDA:0,(anonymous_4)
FNDA:0,(anonymous_5)
FNDA:0,(anonymous_6)
DA:2,1
DA:3,1
DA:5,1
DA:8,1
DA:13,1
DA:14,0
DA:16,0
DA:18,1
DA:19,0
DA:20,0
DA:21,0
DA:25,1
DA:26,0
DA:28,1
LF:14
LH:8
BRF:0
BRH:0
end_of_record
